[I 2025-12-23 18:15:30.081 ServerApp] jupyter_lsp | extension was successfully linked.
[I 2025-12-23 18:15:30.087 ServerApp] jupyter_server_terminals | extension was successfully linked.
[I 2025-12-23 18:15:30.094 ServerApp] jupyterlab | extension was successfully linked.
[I 2025-12-23 18:15:30.099 ServerApp] notebook | extension was successfully linked.
[I 2025-12-23 18:15:30.359 ServerApp] notebook_shim | extension was successfully linked.
[I 2025-12-23 18:15:30.359 ServerApp] panel.io.jupyter_server_extension | extension was successfully linked.
[I 2025-12-23 18:15:30.373 ServerApp] notebook_shim | extension was successfully loaded.
[I 2025-12-23 18:15:30.374 ServerApp] jupyter_lsp | extension was successfully loaded.
[I 2025-12-23 18:15:30.375 ServerApp] jupyter_server_terminals | extension was successfully loaded.
[I 2025-12-23 18:15:30.377 LabApp] JupyterLab extension loaded from /home/home/anaconda3/lib/python3.11/site-packages/jupyterlab
[I 2025-12-23 18:15:30.377 LabApp] JupyterLab application directory is /home/home/anaconda3/share/jupyter/lab
[I 2025-12-23 18:15:30.377 LabApp] Extension Manager is 'pypi'.
[I 2025-12-23 18:15:30.416 ServerApp] jupyterlab | extension was successfully loaded.
[I 2025-12-23 18:15:30.420 ServerApp] notebook | extension was successfully loaded.
[I 2025-12-23 18:15:30.421 ServerApp] panel.io.jupyter_server_extension | extension was successfully loaded.
[I 2025-12-23 18:15:30.421 ServerApp] The port 8888 is already in use, trying another port.
[I 2025-12-23 18:15:30.421 ServerApp] The port 8889 is already in use, trying another port.
[I 2025-12-23 18:15:30.421 ServerApp] The port 8890 is already in use, trying another port.
[I 2025-12-23 18:15:30.421 ServerApp] The port 8891 is already in use, trying another port.
[I 2025-12-23 18:15:30.421 ServerApp] The port 8892 is already in use, trying another port.
[I 2025-12-23 18:15:30.421 ServerApp] Serving notebooks from local directory: /opt/bi-stack
[I 2025-12-23 18:15:30.422 ServerApp] Jupyter Server 2.10.0 is running at:
[I 2025-12-23 18:15:30.422 ServerApp] http://sweethome:8953/lab?token=06305e88ba4b090d59eedb3dbd801f886b8624e51df0544c
[I 2025-12-23 18:15:30.422 ServerApp]     http://127.0.0.1:8953/lab?token=06305e88ba4b090d59eedb3dbd801f886b8624e51df0544c
[I 2025-12-23 18:15:30.422 ServerApp] Use Control-C to stop this server and shut down all kernels (twice to skip confirmation).
[C 2025-12-23 18:15:30.424 ServerApp] 
    
    To access the server, open this file in a browser:
        file:///home/home/.local/share/jupyter/runtime/jpserver-3723163-open.html
    Or copy and paste one of these URLs:
        http://sweethome:8953/lab?token=06305e88ba4b090d59eedb3dbd801f886b8624e51df0544c
        http://127.0.0.1:8953/lab?token=06305e88ba4b090d59eedb3dbd801f886b8624e51df0544c
[I 2025-12-23 18:15:30.451 ServerApp] Skipped non-installed server(s): bash-language-server, dockerfile-language-server-nodejs, javascript-typescript-langserver, jedi-language-server, julia-language-server, pyright, python-language-server, r-languageserver, sql-language-server, texlab, typescript-language-server, unified-language-server, vscode-css-languageserver-bin, vscode-html-languageserver-bin, vscode-json-languageserver-bin, yaml-language-server
